[2024-09-16 15:58:57] [ERROR] Autenticación fallida
[2024-09-16 15:53:57] [ERROR] Autenticación fallida
[2024-09-16 15:43:57] [INFO] Solicitud procesada correctamente
[2024-09-16 15:33:57] [INFO] Tiempo de espera agotado
[2024-09-16 15:28:57] [WARNING] Solicitud procesada correctamente
[2024-09-16 15:27:57] [WARNING] Conexión establecida
[2024-09-16 15:24:57] [WARNING] Error en la conexión a la base de datos
[2024-09-16 15:22:57] [WARNING] Usuario inició sesión
[2024-09-16 15:16:57] [INFO] Archivo no encontrado
[2024-09-16 15:11:57] [WARNING] Usuario inició sesión
[2024-09-16 15:10:57] [ERROR] Archivo no encontrado
[2024-09-16 15:00:57] [WARNING] Archivo no encontrado
[2024-09-16 14:50:57] [INFO] Error en la conexión a la base de datos
[2024-09-16 14:46:57] [WARNING] Solicitud procesada correctamente
[2024-09-16 14:36:57] [ERROR] Archivo no encontrado
[2024-09-16 14:35:57] [WARNING] Tiempo de espera agotado
[2024-09-16 14:33:57] [INFO] Archivo no encontrado
[2024-09-16 14:24:57] [WARNING] Usuario inició sesión
[2024-09-16 14:15:57] [ERROR] Autenticación fallida
[2024-09-16 14:05:57] [WARNING] Autenticación fallida
[2024-09-16 14:02:57] [WARNING] Conexión establecida
[2024-09-16 13:54:57] [INFO] Tiempo de espera agotado
[2024-09-16 13:53:57] [ERROR] Autenticación fallida
[2024-09-16 13:50:57] [ERROR] Archivo no encontrado
[2024-09-16 13:46:57] [WARNING] Solicitud procesada correctamente
[2024-09-16 13:43:57] [ERROR] Error en la conexión a la base de datos
[2024-09-16 13:34:57] [WARNING] Autenticación fallida
[2024-09-16 13:26:57] [ERROR] Autenticación fallida
[2024-09-16 13:21:57] [INFO] Tiempo de espera agotado
[2024-09-16 13:15:57] [WARNING] Autenticación fallida
[2024-09-16 13:10:57] [WARNING] Tiempo de espera agotado
[2024-09-16 13:08:57] [ERROR] Conexión establecida
[2024-09-16 12:58:57] [WARNING] Tiempo de espera agotado
[2024-09-16 12:56:57] [WARNING] Solicitud procesada correctamente
[2024-09-16 12:46:57] [INFO] Conexión establecida
[2024-09-16 12:38:57] [ERROR] Tiempo de espera agotado
[2024-09-16 12:34:57] [ERROR] Usuario inició sesión
[2024-09-16 12:25:57] [WARNING] Archivo no encontrado
[2024-09-16 12:15:57] [WARNING] Error en la conexión a la base de datos
[2024-09-16 12:06:57] [INFO] Autenticación fallida
[2024-09-16 12:03:57] [INFO] Error en la conexión a la base de datos
[2024-09-16 12:01:57] [INFO] Autenticación fallida
[2024-09-16 11:51:57] [INFO] Solicitud procesada correctamente
[2024-09-16 11:43:57] [INFO] Autenticación fallida
[2024-09-16 11:34:57] [INFO] Solicitud procesada correctamente
[2024-09-16 11:31:57] [INFO] Autenticación fallida
[2024-09-16 11:24:57] [WARNING] Tiempo de espera agotado
[2024-09-16 11:23:57] [INFO] Error en la conexión a la base de datos
[2024-09-16 11:20:57] [WARNING] Tiempo de espera agotado
[2024-09-16 11:11:57] [WARNING] Autenticación fallida
